<?xml version="1.0" encoding="UTF-8"?>
<!-- Generated by org.testng.reporters.JUnitReportReporter -->
<testsuite hostname="LIN34004108" failures="0" tests="1" name="com.mobile.test.LoginTest" time="0.000" errors="0" timestamp="2021-02-08T15:15:18 IST" skipped="1">
  <testcase classname="com.mobile.test.LoginTest" name="login_Verification" time="0.000">
    <skipped/>
  </testcase> <!-- login_Verification -->
  <system-out/>
</testsuite> <!-- com.mobile.test.LoginTest -->
